<?xml version="1.0" encoding="UTF-8"?>
<!-- Generated by org.testng.reporters.JUnitReportReporter -->
<testsuite hostname="DESKTOP-AVN7JFN" failures="0" tests="1" name="testJenkins.DecoTest" time="0.007" errors="0" timestamp="2021-03-13T08:44:27 EST" skipped="0">
  <testcase classname="testJenkins.DecoTest" name="display" time="0.007"/>
  <system-out/>
</testsuite> <!-- testJenkins.DecoTest -->
